
Running check 'Phase 1: Preparation'
=================
APT Repositories:
=================
Repos:
  No active apt repos in: /etc/apt/sources.list 
  Active apt repos in: /etc/apt/sources.list.d/linuxuprising-java-focal.list 
  1: deb http://ppa.launchpad.net/linuxuprising/java/ubuntu focal main
  Active apt repos in: /etc/apt/sources.list.d/lutris-team-lutris-focal.list 
  1: deb http://ppa.launchpad.net/lutris-team/lutris/ubuntu focal main
  Active apt repos in: /etc/apt/sources.list.d/official-package-repositories.list 
  1: deb http://packages.linuxmint.com una main upstream import backport
  2: deb http://archive.ubuntu.com/ubuntu focal main restricted universe multiverse
  3: deb http://archive.ubuntu.com/ubuntu focal-updates main restricted universe multiverse
  4: deb http://archive.ubuntu.com/ubuntu focal-backports main restricted universe multiverse
  5: deb http://security.ubuntu.com/ubuntu/ focal-security main restricted universe multiverse
  6: deb http://archive.canonical.com/ubuntu/ focal partner
  Active apt repos in: /etc/apt/sources.list.d/ondrej-apache2-focal.list 
  1: deb http://ppa.launchpad.net/ondrej/apache2/ubuntu focal main
  Active apt repos in: /etc/apt/sources.list.d/ondrej-php-focal.list 
  1: deb http://ppa.launchpad.net/ondrej/php/ubuntu focal main
  Active apt repos in: /etc/apt/sources.list.d/protonvpn-stable.list 
  1: deb [signed-by=/usr/share/keyrings/protonvpn-stable-archive-keyring.gpg] https://repo.protonvpn.com/debian stable main
  No active apt repos in: /etc/apt/sources.list.d/signal-xenial.list 
  Active apt repos in: /etc/apt/sources.list.d/spotify.list 
  1: deb http://repository.spotify.com stable non-free
  Active apt repos in: /etc/apt/sources.list.d/steam.list 
  1: deb [arch=amd64,i386] https://repo.steampowered.com/steam/ stable steam
  2: deb-src [arch=amd64,i386] https://repo.steampowered.com/steam/ stable steam
  Active apt repos in: /etc/apt/sources.list.d/vscode.list 
  1: deb [arch=amd64,arm64,armhf] http://packages.microsoft.com/repos/code stable main
=================

Running check 'Linux Mint version'
Check succeeded:  Linux Mint version

Running check 'Power source'
Check succeeded:  Power source

Running check 'APT cache'
rm -rf /var/lib/apt/lists/*
DEBIAN_PRIORITY=critical apt-get update
Get:1 http://repository.spotify.com stable InRelease [3.316 B]
Get:2 http://packages.microsoft.com/repos/code stable InRelease [10,4 kB]
Get:3 http://ppa.launchpad.net/linuxuprising/java/ubuntu focal InRelease [18,1 kB]
Get:4 http://archive.ubuntu.com/ubuntu focal InRelease [265 kB]
Get:5 http://security.ubuntu.com/ubuntu focal-security InRelease [114 kB]
Get:6 https://repo.steampowered.com/steam stable InRelease [2.861 B]
Get:7 http://ppa.launchpad.net/lutris-team/lutris/ubuntu focal InRelease [18,0 kB]
Get:8 https://repo.protonvpn.com/debian stable InRelease [2.519 B]
Get:9 http://repository.spotify.com stable/non-free i386 Packages [1.171 B]
Get:10 http://archive.canonical.com/ubuntu focal InRelease [12,1 kB]
Get:11 http://ppa.launchpad.net/ondrej/apache2/ubuntu focal InRelease [23,8 kB]
Ign:12 http://packages.linuxmint.com una InRelease
Get:13 http://repository.spotify.com stable/non-free amd64 Packages [1.671 B]
Get:14 http://archive.ubuntu.com/ubuntu focal-updates InRelease [114 kB]
Get:15 http://packages.microsoft.com/repos/code stable/main armhf Packages [122 kB]
Get:16 http://packages.linuxmint.com una Release [24,1 kB]
Get:17 http://archive.ubuntu.com/ubuntu focal-backports InRelease [108 kB]
Get:18 http://ppa.launchpad.net/ondrej/php/ubuntu focal InRelease [23,9 kB]
Get:19 http://packages.microsoft.com/repos/code stable/main arm64 Packages [122 kB]
Get:20 http://packages.microsoft.com/repos/code stable/main amd64 Packages [121 kB]
Get:21 https://repo.steampowered.com/steam stable/steam Sources [591 B]
Get:22 http://ppa.launchpad.net/linuxuprising/java/ubuntu focal/main i386 Packages [536 B]
Get:23 https://repo.steampowered.com/steam stable/steam i386 Packages [1.292 B]
Get:24 https://repo.steampowered.com/steam stable/steam amd64 Packages [1.101 B]
Get:25 http://packages.linuxmint.com una Release.gpg [833 B]
Get:26 http://ppa.launchpad.net/linuxuprising/java/ubuntu focal/main amd64 Packages [1.932 B]
Get:27 http://ppa.launchpad.net/linuxuprising/java/ubuntu focal/main Translation-en [692 B]
Get:28 http://security.ubuntu.com/ubuntu focal-security/main amd64 Packages [1.860 kB]
Err:8 https://repo.protonvpn.com/debian stable InRelease
  The following signatures couldn't be verified because the public key is not available: NO_PUBKEY 4EDE055B645F044F
Get:29 http://ppa.launchpad.net/lutris-team/lutris/ubuntu focal/main i386 Packages [664 B]
Get:30 http://ppa.launchpad.net/lutris-team/lutris/ubuntu focal/main amd64 Packages [664 B]
Get:31 http://security.ubuntu.com/ubuntu focal-security/main i386 Packages [523 kB]
Get:32 http://security.ubuntu.com/ubuntu focal-security/main Translation-en [305 kB]
Get:33 http://security.ubuntu.com/ubuntu focal-security/main amd64 DEP-11 Metadata [40,6 kB]
Get:34 http://security.ubuntu.com/ubuntu focal-security/main amd64 c-n-f Metadata [11,2 kB]
Get:35 http://security.ubuntu.com/ubuntu focal-security/restricted amd64 Packages [1.332 kB]
Get:36 http://security.ubuntu.com/ubuntu focal-security/restricted i386 Packages [26,5 kB]
Get:37 http://security.ubuntu.com/ubuntu focal-security/restricted Translation-en [188 kB]
Get:38 http://security.ubuntu.com/ubuntu focal-security/restricted amd64 c-n-f Metadata [640 B]
Get:39 http://security.ubuntu.com/ubuntu focal-security/universe i386 Packages [572 kB]
Get:40 http://ppa.launchpad.net/lutris-team/lutris/ubuntu focal/main Translation-en [332 B]
Get:41 http://security.ubuntu.com/ubuntu focal-security/universe amd64 Packages [773 kB]
Get:42 http://security.ubuntu.com/ubuntu focal-security/universe Translation-en [148 kB]
Get:43 http://security.ubuntu.com/ubuntu focal-security/universe amd64 DEP-11 Metadata [94,2 kB]
Get:44 http://security.ubuntu.com/ubuntu focal-security/universe amd64 c-n-f Metadata [16,7 kB]
Get:45 http://security.ubuntu.com/ubuntu focal-security/multiverse i386 Packages [7.204 B]
Get:46 http://security.ubuntu.com/ubuntu focal-security/multiverse amd64 Packages [22,2 kB]
Get:47 http://security.ubuntu.com/ubuntu focal-security/multiverse Translation-en [5.400 B]
Get:48 http://security.ubuntu.com/ubuntu focal-security/multiverse amd64 DEP-11 Metadata [940 B]
Get:49 http://security.ubuntu.com/ubuntu focal-security/multiverse amd64 c-n-f Metadata [516 B]
Get:50 http://archive.canonical.com/ubuntu focal/partner amd64 Packages [856 B]
Get:51 http://archive.canonical.com/ubuntu focal/partner Translation-en [384 B]
Get:52 http://ppa.launchpad.net/ondrej/apache2/ubuntu focal/main amd64 Packages [4.768 B]
Get:53 http://archive.ubuntu.com/ubuntu focal/main i386 Packages [718 kB]
Get:54 http://ppa.launchpad.net/ondrej/apache2/ubuntu focal/main i386 Packages [4.772 B]
Get:55 http://ppa.launchpad.net/ondrej/apache2/ubuntu focal/main Translation-en [3.252 B]
Get:56 http://archive.ubuntu.com/ubuntu focal/main amd64 Packages [970 kB]
Get:57 http://archive.ubuntu.com/ubuntu focal/main Translation-en [506 kB]
Get:58 http://archive.ubuntu.com/ubuntu focal/main amd64 DEP-11 Metadata [494 kB]
Get:59 http://archive.ubuntu.com/ubuntu focal/main amd64 c-n-f Metadata [29,5 kB]
Get:60 http://archive.ubuntu.com/ubuntu focal/restricted i386 Packages [8.112 B]
Get:61 http://archive.ubuntu.com/ubuntu focal/restricted amd64 Packages [22,0 kB]
Get:62 http://archive.ubuntu.com/ubuntu focal/restricted Translation-en [6.212 B]
Get:63 http://archive.ubuntu.com/ubuntu focal/restricted amd64 c-n-f Metadata [392 B]
Get:64 http://archive.ubuntu.com/ubuntu focal/universe i386 Packages [4.642 kB]
Get:65 http://archive.ubuntu.com/ubuntu focal/universe amd64 Packages [8.628 kB]
Get:66 http://ppa.launchpad.net/ondrej/php/ubuntu focal/main amd64 Packages [106 kB]
Get:67 http://archive.ubuntu.com/ubuntu focal/universe Translation-en [5.124 kB]
Get:68 http://packages.linuxmint.com una/main amd64 Packages [16,2 kB]
Get:69 http://archive.ubuntu.com/ubuntu focal/universe amd64 DEP-11 Metadata [3.603 kB]
Get:70 http://archive.ubuntu.com/ubuntu focal/universe amd64 c-n-f Metadata [265 kB]
Get:71 http://archive.ubuntu.com/ubuntu focal/multiverse i386 Packages [74,7 kB]
Get:72 http://archive.ubuntu.com/ubuntu focal/multiverse amd64 Packages [144 kB]
Get:73 http://archive.ubuntu.com/ubuntu focal/multiverse Translation-en [104 kB]
Get:74 http://archive.ubuntu.com/ubuntu focal/multiverse amd64 DEP-11 Metadata [48,4 kB]
Get:75 http://archive.ubuntu.com/ubuntu focal/multiverse amd64 c-n-f Metadata [9.136 B]
Get:76 http://archive.ubuntu.com/ubuntu focal-updates/main i386 Packages [756 kB]
Get:77 http://archive.ubuntu.com/ubuntu focal-updates/main amd64 Packages [2.241 kB]
Get:78 http://ppa.launchpad.net/ondrej/php/ubuntu focal/main i386 Packages [38,4 kB]
Get:79 http://archive.ubuntu.com/ubuntu focal-updates/main Translation-en [391 kB]
Get:80 http://archive.ubuntu.com/ubuntu focal-updates/main amd64 DEP-11 Metadata [275 kB]
Get:81 http://archive.ubuntu.com/ubuntu focal-updates/main amd64 c-n-f Metadata [16,1 kB]
Get:82 http://archive.ubuntu.com/ubuntu focal-updates/restricted i386 Packages [27,8 kB]
Get:83 http://archive.ubuntu.com/ubuntu focal-updates/restricted amd64 Packages [1.424 kB]
Get:84 http://archive.ubuntu.com/ubuntu focal-updates/restricted Translation-en [202 kB]
Get:85 http://archive.ubuntu.com/ubuntu focal-updates/restricted amd64 c-n-f Metadata [636 B]
Get:86 http://archive.ubuntu.com/ubuntu focal-updates/universe amd64 Packages [1.003 kB]
Get:87 http://archive.ubuntu.com/ubuntu focal-updates/universe i386 Packages [704 kB]
Get:88 http://packages.linuxmint.com una/main i386 Packages [15,6 kB]
Get:89 http://packages.linuxmint.com una/upstream i386 Packages [13,4 kB]
Get:90 http://archive.ubuntu.com/ubuntu focal-updates/universe Translation-en [233 kB]
Get:91 http://archive.ubuntu.com/ubuntu focal-updates/universe amd64 DEP-11 Metadata [408 kB]
Get:92 http://archive.ubuntu.com/ubuntu focal-updates/universe amd64 c-n-f Metadata [23,1 kB]
Get:93 http://archive.ubuntu.com/ubuntu focal-updates/multiverse amd64 Packages [24,4 kB]
Get:94 http://archive.ubuntu.com/ubuntu focal-updates/multiverse i386 Packages [8.448 B]
Get:95 http://archive.ubuntu.com/ubuntu focal-updates/multiverse Translation-en [7.316 B]
Get:96 http://archive.ubuntu.com/ubuntu focal-updates/multiverse amd64 DEP-11 Metadata [944 B]
Get:97 http://ppa.launchpad.net/ondrej/php/ubuntu focal/main Translation-en [34,6 kB]
Get:98 http://archive.ubuntu.com/ubuntu focal-updates/multiverse amd64 c-n-f Metadata [592 B]
Get:99 http://archive.ubuntu.com/ubuntu focal-backports/main i386 Packages [36,1 kB]
Get:100 http://archive.ubuntu.com/ubuntu focal-backports/main amd64 Packages [45,7 kB]
Get:101 http://archive.ubuntu.com/ubuntu focal-backports/main Translation-en [16,3 kB]
Get:102 http://archive.ubuntu.com/ubuntu focal-backports/main amd64 DEP-11 Metadata [7.992 B]
Get:103 http://archive.ubuntu.com/ubuntu focal-backports/main amd64 c-n-f Metadata [1.420 B]
Get:104 http://archive.ubuntu.com/ubuntu focal-backports/restricted amd64 c-n-f Metadata [116 B]
Get:105 http://archive.ubuntu.com/ubuntu focal-backports/universe i386 Packages [13,5 kB]
Get:106 http://archive.ubuntu.com/ubuntu focal-backports/universe amd64 Packages [24,0 kB]
Get:107 http://archive.ubuntu.com/ubuntu focal-backports/universe Translation-en [16,0 kB]
Get:108 http://archive.ubuntu.com/ubuntu focal-backports/universe amd64 DEP-11 Metadata [30,5 kB]
Get:109 http://archive.ubuntu.com/ubuntu focal-backports/universe amd64 c-n-f Metadata [860 B]
Get:110 http://archive.ubuntu.com/ubuntu focal-backports/multiverse amd64 c-n-f Metadata [116 B]
Get:111 http://packages.linuxmint.com una/upstream amd64 Packages [50,4 kB]
Get:112 http://packages.linuxmint.com una/import i386 Packages [3.273 B]
Get:113 http://packages.linuxmint.com una/import amd64 Packages [8.389 B]
Get:114 http://packages.linuxmint.com una/backport amd64 Packages [90,3 kB]
Get:115 http://packages.linuxmint.com una/backport i386 Packages [27,1 kB]
Reading package lists...
W: GPG error: https://repo.protonvpn.com/debian stable InRelease: The following signatures couldn't be verified because the public key is not available: NO_PUBKEY 4EDE055B645F044F
E: The repository 'https://repo.protonvpn.com/debian stable InRelease' is not signed.
Error - Return code: 100

Running check 'APT cache'
rm -rf /var/lib/apt/lists/*
DEBIAN_PRIORITY=critical apt-get update
Get:1 http://archive.canonical.com/ubuntu focal InRelease [12,1 kB]
Get:2 http://archive.ubuntu.com/ubuntu focal InRelease [265 kB]
Get:3 http://repository.spotify.com stable InRelease [3.316 B]
Get:4 http://packages.microsoft.com/repos/code stable InRelease [10,4 kB]
Get:5 http://ppa.launchpad.net/linuxuprising/java/ubuntu focal InRelease [18,1 kB]
Get:6 https://repo.steampowered.com/steam stable InRelease [2.861 B]
Get:7 https://repo.protonvpn.com/debian stable InRelease [2.519 B]
Get:8 http://security.ubuntu.com/ubuntu focal-security InRelease [114 kB]
Ign:9 http://packages.linuxmint.com una InRelease
Get:10 http://archive.ubuntu.com/ubuntu focal-updates InRelease [114 kB]
Get:11 http://ppa.launchpad.net/lutris-team/lutris/ubuntu focal InRelease [18,0 kB]
Get:12 http://archive.ubuntu.com/ubuntu focal-backports InRelease [108 kB]
Get:13 http://packages.linuxmint.com una Release [24,1 kB]
Get:14 http://ppa.launchpad.net/ondrej/apache2/ubuntu focal InRelease [23,8 kB]
Get:15 http://ppa.launchpad.net/ondrej/php/ubuntu focal InRelease [23,9 kB]
Get:16 http://packages.linuxmint.com una Release.gpg [833 B]
Get:17 http://archive.canonical.com/ubuntu focal/partner amd64 Packages [856 B]
Get:18 http://archive.canonical.com/ubuntu focal/partner Translation-en [384 B]
Get:19 http://repository.spotify.com stable/non-free i386 Packages [1.171 B]
Get:20 http://repository.spotify.com stable/non-free amd64 Packages [1.671 B]
Get:21 http://packages.microsoft.com/repos/code stable/main armhf Packages [122 kB]
Get:22 http://packages.microsoft.com/repos/code stable/main arm64 Packages [122 kB]
Get:23 http://packages.microsoft.com/repos/code stable/main amd64 Packages [121 kB]
Err:7 https://repo.protonvpn.com/debian stable InRelease
  The following signatures couldn't be verified because the public key is not available: NO_PUBKEY 4EDE055B645F044F
Get:24 https://repo.steampowered.com/steam stable/steam Sources [591 B]
Get:25 http://ppa.launchpad.net/linuxuprising/java/ubuntu focal/main amd64 Packages [1.932 B]
Get:26 http://ppa.launchpad.net/linuxuprising/java/ubuntu focal/main i386 Packages [536 B]
Get:27 http://ppa.launchpad.net/linuxuprising/java/ubuntu focal/main Translation-en [692 B]
Get:28 https://repo.steampowered.com/steam stable/steam i386 Packages [1.292 B]
Get:29 http://archive.ubuntu.com/ubuntu focal/main amd64 Packages [970 kB]
Get:30 http://archive.ubuntu.com/ubuntu focal/main i386 Packages [718 kB]
Get:31 http://archive.ubuntu.com/ubuntu focal/main Translation-en [506 kB]
Get:32 http://archive.ubuntu.com/ubuntu focal/main amd64 DEP-11 Metadata [494 kB]
Get:33 http://archive.ubuntu.com/ubuntu focal/main amd64 c-n-f Metadata [29,5 kB]
Get:34 http://archive.ubuntu.com/ubuntu focal/restricted i386 Packages [8.112 B]
Get:35 http://archive.ubuntu.com/ubuntu focal/restricted amd64 Packages [22,0 kB]
Get:36 http://archive.ubuntu.com/ubuntu focal/restricted Translation-en [6.212 B]
Get:37 http://archive.ubuntu.com/ubuntu focal/restricted amd64 c-n-f Metadata [392 B]
Get:38 http://archive.ubuntu.com/ubuntu focal/universe i386 Packages [4.642 kB]
Get:39 https://repo.steampowered.com/steam stable/steam amd64 Packages [1.101 B]
Get:40 http://archive.ubuntu.com/ubuntu focal/universe amd64 Packages [8.628 kB]
Get:41 http://archive.ubuntu.com/ubuntu focal/universe Translation-en [5.124 kB]
Get:42 http://archive.ubuntu.com/ubuntu focal/universe amd64 DEP-11 Metadata [3.603 kB]
Get:43 http://archive.ubuntu.com/ubuntu focal/universe amd64 c-n-f Metadata [265 kB]
Get:44 http://archive.ubuntu.com/ubuntu focal/multiverse amd64 Packages [144 kB]
Get:45 http://archive.ubuntu.com/ubuntu focal/multiverse i386 Packages [74,7 kB]
Get:46 http://archive.ubuntu.com/ubuntu focal/multiverse Translation-en [104 kB]
Get:47 http://archive.ubuntu.com/ubuntu focal/multiverse amd64 DEP-11 Metadata [48,4 kB]
Get:48 http://archive.ubuntu.com/ubuntu focal/multiverse amd64 c-n-f Metadata [9.136 B]
Get:49 http://archive.ubuntu.com/ubuntu focal-updates/main i386 Packages [756 kB]
Get:50 http://archive.ubuntu.com/ubuntu focal-updates/main amd64 Packages [2.241 kB]
Get:51 http://archive.ubuntu.com/ubuntu focal-updates/main Translation-en [391 kB]
Get:52 http://archive.ubuntu.com/ubuntu focal-updates/main amd64 DEP-11 Metadata [275 kB]
Get:53 http://archive.ubuntu.com/ubuntu focal-updates/main amd64 c-n-f Metadata [16,1 kB]
Get:54 http://archive.ubuntu.com/ubuntu focal-updates/restricted i386 Packages [27,8 kB]
Get:55 http://archive.ubuntu.com/ubuntu focal-updates/restricted amd64 Packages [1.424 kB]
Get:56 http://archive.ubuntu.com/ubuntu focal-updates/restricted Translation-en [202 kB]
Get:57 http://archive.ubuntu.com/ubuntu focal-updates/restricted amd64 c-n-f Metadata [636 B]
Get:58 http://archive.ubuntu.com/ubuntu focal-updates/universe i386 Packages [704 kB]
Get:59 http://archive.ubuntu.com/ubuntu focal-updates/universe amd64 Packages [1.003 kB]
Get:60 http://archive.ubuntu.com/ubuntu focal-updates/universe Translation-en [233 kB]
Get:61 http://archive.ubuntu.com/ubuntu focal-updates/universe amd64 DEP-11 Metadata [408 kB]
Get:62 http://archive.ubuntu.com/ubuntu focal-updates/universe amd64 c-n-f Metadata [23,1 kB]
Get:63 http://archive.ubuntu.com/ubuntu focal-updates/multiverse amd64 Packages [24,4 kB]
Get:64 http://archive.ubuntu.com/ubuntu focal-updates/multiverse i386 Packages [8.448 B]
Get:65 http://archive.ubuntu.com/ubuntu focal-updates/multiverse Translation-en [7.316 B]
Get:66 http://archive.ubuntu.com/ubuntu focal-updates/multiverse amd64 DEP-11 Metadata [944 B]
Get:67 http://archive.ubuntu.com/ubuntu focal-updates/multiverse amd64 c-n-f Metadata [592 B]
Get:68 http://ppa.launchpad.net/lutris-team/lutris/ubuntu focal/main amd64 Packages [664 B]
Get:69 http://ppa.launchpad.net/lutris-team/lutris/ubuntu focal/main i386 Packages [664 B]
Get:70 http://ppa.launchpad.net/lutris-team/lutris/ubuntu focal/main Translation-en [332 B]
Get:71 http://archive.ubuntu.com/ubuntu focal-backports/main i386 Packages [36,1 kB]
Get:72 http://archive.ubuntu.com/ubuntu focal-backports/main amd64 Packages [45,7 kB]
Get:73 http://archive.ubuntu.com/ubuntu focal-backports/main Translation-en [16,3 kB]
Get:74 http://archive.ubuntu.com/ubuntu focal-backports/main amd64 DEP-11 Metadata [7.992 B]
Get:75 http://archive.ubuntu.com/ubuntu focal-backports/main amd64 c-n-f Metadata [1.420 B]
Get:76 http://archive.ubuntu.com/ubuntu focal-backports/restricted amd64 c-n-f Metadata [116 B]
Get:77 http://archive.ubuntu.com/ubuntu focal-backports/universe i386 Packages [13,5 kB]
Get:78 http://archive.ubuntu.com/ubuntu focal-backports/universe amd64 Packages [24,0 kB]
Get:79 http://archive.ubuntu.com/ubuntu focal-backports/universe Translation-en [16,0 kB]
Get:80 http://archive.ubuntu.com/ubuntu focal-backports/universe amd64 DEP-11 Metadata [30,5 kB]
Get:81 http://archive.ubuntu.com/ubuntu focal-backports/universe amd64 c-n-f Metadata [860 B]
Get:82 http://archive.ubuntu.com/ubuntu focal-backports/multiverse amd64 c-n-f Metadata [116 B]
Get:83 http://ppa.launchpad.net/ondrej/apache2/ubuntu focal/main amd64 Packages [4.768 B]
Get:84 http://ppa.launchpad.net/ondrej/apache2/ubuntu focal/main i386 Packages [4.772 B]
Get:85 http://ppa.launchpad.net/ondrej/apache2/ubuntu focal/main Translation-en [3.252 B]
Get:86 http://security.ubuntu.com/ubuntu focal-security/main amd64 Packages [1.860 kB]
Get:87 http://ppa.launchpad.net/ondrej/php/ubuntu focal/main i386 Packages [38,4 kB]
Get:88 http://security.ubuntu.com/ubuntu focal-security/main i386 Packages [523 kB]
Get:89 http://security.ubuntu.com/ubuntu focal-security/main Translation-en [305 kB]
Get:90 http://security.ubuntu.com/ubuntu focal-security/main amd64 DEP-11 Metadata [40,6 kB]
Get:91 http://ppa.launchpad.net/ondrej/php/ubuntu focal/main amd64 Packages [106 kB]
Get:92 http://security.ubuntu.com/ubuntu focal-security/main amd64 c-n-f Metadata [11,2 kB]
Get:93 http://security.ubuntu.com/ubuntu focal-security/restricted amd64 Packages [1.332 kB]
Get:94 http://security.ubuntu.com/ubuntu focal-security/restricted i386 Packages [26,5 kB]
Get:95 http://ppa.launchpad.net/ondrej/php/ubuntu focal/main Translation-en [34,6 kB]
Get:96 http://security.ubuntu.com/ubuntu focal-security/restricted Translation-en [188 kB]
Get:97 http://security.ubuntu.com/ubuntu focal-security/restricted amd64 c-n-f Metadata [640 B]
Get:98 http://security.ubuntu.com/ubuntu focal-security/universe i386 Packages [572 kB]
Get:99 http://security.ubuntu.com/ubuntu focal-security/universe amd64 Packages [773 kB]
Get:100 http://security.ubuntu.com/ubuntu focal-security/universe Translation-en [148 kB]
Get:101 http://security.ubuntu.com/ubuntu focal-security/universe amd64 DEP-11 Metadata [94,2 kB]
Get:102 http://security.ubuntu.com/ubuntu focal-security/universe amd64 c-n-f Metadata [16,7 kB]
Get:103 http://security.ubuntu.com/ubuntu focal-security/multiverse amd64 Packages [22,2 kB]
Get:104 http://security.ubuntu.com/ubuntu focal-security/multiverse i386 Packages [7.204 B]
Get:105 http://security.ubuntu.com/ubuntu focal-security/multiverse Translation-en [5.400 B]
Get:106 http://security.ubuntu.com/ubuntu focal-security/multiverse amd64 DEP-11 Metadata [940 B]
Get:107 http://security.ubuntu.com/ubuntu focal-security/multiverse amd64 c-n-f Metadata [516 B]
Get:108 http://packages.linuxmint.com una/main i386 Packages [15,6 kB]
Get:109 http://packages.linuxmint.com una/main amd64 Packages [16,2 kB]
Get:110 http://packages.linuxmint.com una/upstream amd64 Packages [50,4 kB]
Get:111 http://packages.linuxmint.com una/upstream i386 Packages [13,4 kB]
Get:112 http://packages.linuxmint.com una/import amd64 Packages [8.389 B]
Get:113 http://packages.linuxmint.com una/import i386 Packages [3.273 B]
Get:114 http://packages.linuxmint.com una/backport amd64 Packages [90,3 kB]
Get:115 http://packages.linuxmint.com una/backport i386 Packages [27,1 kB]
Reading package lists...
W: GPG error: https://repo.protonvpn.com/debian stable InRelease: The following signatures couldn't be verified because the public key is not available: NO_PUBKEY 4EDE055B645F044F
E: The repository 'https://repo.protonvpn.com/debian stable InRelease' is not signed.
Error - Return code: 100

Running check 'APT cache'
rm -rf /var/lib/apt/lists/*
DEBIAN_PRIORITY=critical apt-get update
Get:1 http://packages.microsoft.com/repos/code stable InRelease [10,4 kB]
Get:2 http://repository.spotify.com stable InRelease [3.316 B]
Get:3 http://security.ubuntu.com/ubuntu focal-security InRelease [114 kB]
Get:4 http://ppa.launchpad.net/linuxuprising/java/ubuntu focal InRelease [18,1 kB]
Get:5 https://repo.steampowered.com/steam stable InRelease [2.861 B]
Get:6 https://repo.protonvpn.com/debian stable InRelease [2.519 B]
Get:7 http://archive.canonical.com/ubuntu focal InRelease [12,1 kB]
Get:8 http://packages.microsoft.com/repos/code stable/main amd64 Packages [121 kB]
Get:9 http://archive.ubuntu.com/ubuntu focal InRelease [265 kB]
Ign:10 http://packages.linuxmint.com una InRelease
Get:11 http://ppa.launchpad.net/lutris-team/lutris/ubuntu focal InRelease [18,0 kB]
Get:12 http://packages.microsoft.com/repos/code stable/main arm64 Packages [122 kB]
Get:13 http://packages.microsoft.com/repos/code stable/main armhf Packages [122 kB]
Get:14 http://packages.linuxmint.com una Release [24,1 kB]
Get:15 http://ppa.launchpad.net/ondrej/apache2/ubuntu focal InRelease [23,8 kB]
Get:16 http://repository.spotify.com stable/non-free i386 Packages [1.171 B]
Get:17 http://ppa.launchpad.net/ondrej/php/ubuntu focal InRelease [23,9 kB]
Get:18 http://repository.spotify.com stable/non-free amd64 Packages [1.671 B]
Get:19 https://repo.steampowered.com/steam stable/steam Sources [591 B]
Get:20 http://packages.linuxmint.com una Release.gpg [833 B]
Get:21 https://repo.steampowered.com/steam stable/steam i386 Packages [1.292 B]
Err:6 https://repo.protonvpn.com/debian stable InRelease
  The following signatures couldn't be verified because the public key is not available: NO_PUBKEY 4EDE055B645F044F
Get:22 https://repo.steampowered.com/steam stable/steam amd64 Packages [1.101 B]
Get:23 http://archive.ubuntu.com/ubuntu focal-updates InRelease [114 kB]
Get:24 http://archive.canonical.com/ubuntu focal/partner amd64 Packages [856 B]
Get:25 http://archive.canonical.com/ubuntu focal/partner Translation-en [384 B]
Get:26 http://archive.ubuntu.com/ubuntu focal-backports InRelease [108 kB]
Get:27 http://ppa.launchpad.net/linuxuprising/java/ubuntu focal/main amd64 Packages [1.932 B]
Get:28 http://security.ubuntu.com/ubuntu focal-security/main amd64 Packages [1.860 kB]
Get:29 http://ppa.launchpad.net/linuxuprising/java/ubuntu focal/main i386 Packages [536 B]
Get:30 http://ppa.launchpad.net/linuxuprising/java/ubuntu focal/main Translation-en [692 B]
Get:31 http://ppa.launchpad.net/lutris-team/lutris/ubuntu focal/main amd64 Packages [664 B]
Get:32 http://security.ubuntu.com/ubuntu focal-security/main i386 Packages [523 kB]
Get:33 http://security.ubuntu.com/ubuntu focal-security/main Translation-en [305 kB]
Get:34 http://security.ubuntu.com/ubuntu focal-security/main amd64 DEP-11 Metadata [40,6 kB]
Get:35 http://security.ubuntu.com/ubuntu focal-security/main amd64 c-n-f Metadata [11,2 kB]
Get:36 http://security.ubuntu.com/ubuntu focal-security/restricted amd64 Packages [1.332 kB]
Get:37 http://security.ubuntu.com/ubuntu focal-security/restricted i386 Packages [26,5 kB]
Get:38 http://ppa.launchpad.net/lutris-team/lutris/ubuntu focal/main i386 Packages [664 B]
Get:39 http://security.ubuntu.com/ubuntu focal-security/restricted Translation-en [188 kB]
Get:40 http://security.ubuntu.com/ubuntu focal-security/restricted amd64 c-n-f Metadata [640 B]
Get:41 http://security.ubuntu.com/ubuntu focal-security/universe amd64 Packages [773 kB]
Get:42 http://security.ubuntu.com/ubuntu focal-security/universe i386 Packages [572 kB]
Get:43 http://security.ubuntu.com/ubuntu focal-security/universe Translation-en [148 kB]
Get:44 http://security.ubuntu.com/ubuntu focal-security/universe amd64 DEP-11 Metadata [94,2 kB]
Get:45 http://security.ubuntu.com/ubuntu focal-security/universe amd64 c-n-f Metadata [16,7 kB]
Get:46 http://security.ubuntu.com/ubuntu focal-security/multiverse i386 Packages [7.204 B]
Get:47 http://security.ubuntu.com/ubuntu focal-security/multiverse amd64 Packages [22,2 kB]
Get:48 http://security.ubuntu.com/ubuntu focal-security/multiverse Translation-en [5.400 B]
Get:49 http://security.ubuntu.com/ubuntu focal-security/multiverse amd64 DEP-11 Metadata [940 B]
Get:50 http://security.ubuntu.com/ubuntu focal-security/multiverse amd64 c-n-f Metadata [516 B]
Get:51 http://ppa.launchpad.net/lutris-team/lutris/ubuntu focal/main Translation-en [332 B]
Get:52 http://ppa.launchpad.net/ondrej/apache2/ubuntu focal/main amd64 Packages [4.768 B]
Get:53 http://ppa.launchpad.net/ondrej/apache2/ubuntu focal/main i386 Packages [4.772 B]
Get:54 http://packages.linuxmint.com una/main i386 Packages [15,6 kB]
Get:55 http://ppa.launchpad.net/ondrej/apache2/ubuntu focal/main Translation-en [3.252 B]
Get:56 http://archive.ubuntu.com/ubuntu focal/main amd64 Packages [970 kB]
Get:57 http://ppa.launchpad.net/ondrej/php/ubuntu focal/main amd64 Packages [106 kB]
Get:58 http://packages.linuxmint.com una/main amd64 Packages [16,2 kB]
Get:59 http://packages.linuxmint.com una/upstream amd64 Packages [50,4 kB]
Get:60 http://ppa.launchpad.net/ondrej/php/ubuntu focal/main i386 Packages [38,4 kB]
Get:61 http://archive.ubuntu.com/ubuntu focal/main i386 Packages [718 kB]
Get:62 http://ppa.launchpad.net/ondrej/php/ubuntu focal/main Translation-en [34,6 kB]
Get:63 http://archive.ubuntu.com/ubuntu focal/main Translation-en [506 kB]
Get:64 http://archive.ubuntu.com/ubuntu focal/main amd64 DEP-11 Metadata [494 kB]
Get:65 http://packages.linuxmint.com una/upstream i386 Packages [13,4 kB]
Get:66 http://archive.ubuntu.com/ubuntu focal/main amd64 c-n-f Metadata [29,5 kB]
Get:67 http://archive.ubuntu.com/ubuntu focal/restricted i386 Packages [8.112 B]
Get:68 http://archive.ubuntu.com/ubuntu focal/restricted amd64 Packages [22,0 kB]
Get:69 http://archive.ubuntu.com/ubuntu focal/restricted Translation-en [6.212 B]
Get:70 http://archive.ubuntu.com/ubuntu focal/restricted amd64 c-n-f Metadata [392 B]
Get:71 http://archive.ubuntu.com/ubuntu focal/universe amd64 Packages [8.628 kB]
Get:72 http://packages.linuxmint.com una/import i386 Packages [3.273 B]
Get:73 http://packages.linuxmint.com una/import amd64 Packages [8.389 B]
Get:74 http://packages.linuxmint.com una/backport i386 Packages [27,1 kB]
Get:75 http://packages.linuxmint.com una/backport amd64 Packages [90,3 kB]
Get:76 http://archive.ubuntu.com/ubuntu focal/universe i386 Packages [4.642 kB]
Get:77 http://archive.ubuntu.com/ubuntu focal/universe Translation-en [5.124 kB]
Get:78 http://archive.ubuntu.com/ubuntu focal/universe amd64 DEP-11 Metadata [3.603 kB]
Get:79 http://archive.ubuntu.com/ubuntu focal/universe amd64 c-n-f Metadata [265 kB]
Get:80 http://archive.ubuntu.com/ubuntu focal/multiverse amd64 Packages [144 kB]
Get:81 http://archive.ubuntu.com/ubuntu focal/multiverse i386 Packages [74,7 kB]
Get:82 http://archive.ubuntu.com/ubuntu focal/multiverse Translation-en [104 kB]
Get:83 http://archive.ubuntu.com/ubuntu focal/multiverse amd64 DEP-11 Metadata [48,4 kB]
Get:84 http://archive.ubuntu.com/ubuntu focal/multiverse amd64 c-n-f Metadata [9.136 B]
Get:85 http://archive.ubuntu.com/ubuntu focal-updates/main i386 Packages [756 kB]
Get:86 http://archive.ubuntu.com/ubuntu focal-updates/main amd64 Packages [2.241 kB]
Get:87 http://archive.ubuntu.com/ubuntu focal-updates/main Translation-en [391 kB]
Get:88 http://archive.ubuntu.com/ubuntu focal-updates/main amd64 DEP-11 Metadata [275 kB]
Get:89 http://archive.ubuntu.com/ubuntu focal-updates/main amd64 c-n-f Metadata [16,1 kB]
Get:90 http://archive.ubuntu.com/ubuntu focal-updates/restricted amd64 Packages [1.424 kB]
Get:91 http://archive.ubuntu.com/ubuntu focal-updates/restricted i386 Packages [27,8 kB]
Get:92 http://archive.ubuntu.com/ubuntu focal-updates/restricted Translation-en [202 kB]
Get:93 http://archive.ubuntu.com/ubuntu focal-updates/restricted amd64 c-n-f Metadata [636 B]
Get:94 http://archive.ubuntu.com/ubuntu focal-updates/universe i386 Packages [704 kB]
Get:95 http://archive.ubuntu.com/ubuntu focal-updates/universe amd64 Packages [1.003 kB]
Get:96 http://archive.ubuntu.com/ubuntu focal-updates/universe Translation-en [233 kB]
Get:97 http://archive.ubuntu.com/ubuntu focal-updates/universe amd64 DEP-11 Metadata [408 kB]
Get:98 http://archive.ubuntu.com/ubuntu focal-updates/universe amd64 c-n-f Metadata [23,1 kB]
Get:99 http://archive.ubuntu.com/ubuntu focal-updates/multiverse amd64 Packages [24,4 kB]
Get:100 http://archive.ubuntu.com/ubuntu focal-updates/multiverse i386 Packages [8.448 B]
Get:101 http://archive.ubuntu.com/ubuntu focal-updates/multiverse Translation-en [7.316 B]
Get:102 http://archive.ubuntu.com/ubuntu focal-updates/multiverse amd64 DEP-11 Metadata [944 B]
Get:103 http://archive.ubuntu.com/ubuntu focal-updates/multiverse amd64 c-n-f Metadata [592 B]
Get:104 http://archive.ubuntu.com/ubuntu focal-backports/main i386 Packages [36,1 kB]
Get:105 http://archive.ubuntu.com/ubuntu focal-backports/main amd64 Packages [45,7 kB]
Get:106 http://archive.ubuntu.com/ubuntu focal-backports/main Translation-en [16,3 kB]
Get:107 http://archive.ubuntu.com/ubuntu focal-backports/main amd64 DEP-11 Metadata [7.992 B]
Get:108 http://archive.ubuntu.com/ubuntu focal-backports/main amd64 c-n-f Metadata [1.420 B]
Get:109 http://archive.ubuntu.com/ubuntu focal-backports/restricted amd64 c-n-f Metadata [116 B]
Get:110 http://archive.ubuntu.com/ubuntu focal-backports/universe i386 Packages [13,5 kB]
Get:111 http://archive.ubuntu.com/ubuntu focal-backports/universe amd64 Packages [24,0 kB]
Get:112 http://archive.ubuntu.com/ubuntu focal-backports/universe Translation-en [16,0 kB]
Get:113 http://archive.ubuntu.com/ubuntu focal-backports/universe amd64 DEP-11 Metadata [30,5 kB]
Get:114 http://archive.ubuntu.com/ubuntu focal-backports/universe amd64 c-n-f Metadata [860 B]
Get:115 http://archive.ubuntu.com/ubuntu focal-backports/multiverse amd64 c-n-f Metadata [116 B]
Reading package lists...
W: GPG error: https://repo.protonvpn.com/debian stable InRelease: The following signatures couldn't be verified because the public key is not available: NO_PUBKEY 4EDE055B645F044F
E: The repository 'https://repo.protonvpn.com/debian stable InRelease' is not signed.
Error - Return code: 100

Running check 'APT cache'
rm -rf /var/lib/apt/lists/*
DEBIAN_PRIORITY=critical apt-get update
Get:1 http://packages.microsoft.com/repos/code stable InRelease [10,4 kB]
Get:2 http://archive.canonical.com/ubuntu focal InRelease [12,1 kB]
Get:3 http://repository.spotify.com stable InRelease [3.316 B]
Get:4 http://archive.ubuntu.com/ubuntu focal InRelease [265 kB]
Get:5 http://ppa.launchpad.net/linuxuprising/java/ubuntu focal InRelease [18,1 kB]
Get:6 https://repo.steampowered.com/steam stable InRelease [2.861 B]
Get:7 https://repo.protonvpn.com/debian stable InRelease [2.519 B]
Get:8 http://security.ubuntu.com/ubuntu focal-security InRelease [114 kB]
Get:9 http://packages.microsoft.com/repos/code stable/main armhf Packages [122 kB]
Get:10 http://ppa.launchpad.net/lutris-team/lutris/ubuntu focal InRelease [18,0 kB]
Ign:11 http://packages.linuxmint.com una InRelease
Get:12 http://packages.microsoft.com/repos/code stable/main amd64 Packages [121 kB]
Get:13 http://packages.microsoft.com/repos/code stable/main arm64 Packages [122 kB]
Get:14 http://packages.linuxmint.com una Release [24,1 kB]
Get:15 http://archive.canonical.com/ubuntu focal/partner amd64 Packages [856 B]
Get:16 http://ppa.launchpad.net/ondrej/apache2/ubuntu focal InRelease [23,8 kB]
Get:17 http://archive.canonical.com/ubuntu focal/partner Translation-en [384 B]
Get:18 http://archive.ubuntu.com/ubuntu focal-updates InRelease [114 kB]
Get:19 http://archive.ubuntu.com/ubuntu focal-backports InRelease [108 kB]
Get:20 http://repository.spotify.com stable/non-free amd64 Packages [1.671 B]
Get:21 http://ppa.launchpad.net/ondrej/php/ubuntu focal InRelease [23,9 kB]
Get:22 http://repository.spotify.com stable/non-free i386 Packages [1.171 B]
Get:23 http://packages.linuxmint.com una Release.gpg [833 B]
Get:24 https://repo.steampowered.com/steam stable/steam Sources [591 B]
Err:7 https://repo.protonvpn.com/debian stable InRelease
  The following signatures couldn't be verified because the public key is not available: NO_PUBKEY 4EDE055B645F044F
Get:25 https://repo.steampowered.com/steam stable/steam amd64 Packages [1.101 B]
Get:26 https://repo.steampowered.com/steam stable/steam i386 Packages [1.292 B]
Get:27 http://ppa.launchpad.net/linuxuprising/java/ubuntu focal/main i386 Packages [536 B]
Get:28 http://ppa.launchpad.net/linuxuprising/java/ubuntu focal/main amd64 Packages [1.932 B]
Get:29 http://ppa.launchpad.net/linuxuprising/java/ubuntu focal/main Translation-en [692 B]
Get:30 http://archive.ubuntu.com/ubuntu focal/main amd64 Packages [970 kB]
Get:31 http://ppa.launchpad.net/lutris-team/lutris/ubuntu focal/main i386 Packages [664 B]
Get:32 http://archive.ubuntu.com/ubuntu focal/main i386 Packages [718 kB]
Get:33 http://archive.ubuntu.com/ubuntu focal/main Translation-en [506 kB]
Get:34 http://archive.ubuntu.com/ubuntu focal/main amd64 DEP-11 Metadata [494 kB]
Get:35 http://ppa.launchpad.net/lutris-team/lutris/ubuntu focal/main amd64 Packages [664 B]
Get:36 http://archive.ubuntu.com/ubuntu focal/main amd64 c-n-f Metadata [29,5 kB]
Get:37 http://archive.ubuntu.com/ubuntu focal/restricted i386 Packages [8.112 B]
Get:38 http://archive.ubuntu.com/ubuntu focal/restricted amd64 Packages [22,0 kB]
Get:39 http://archive.ubuntu.com/ubuntu focal/restricted Translation-en [6.212 B]
Get:40 http://archive.ubuntu.com/ubuntu focal/restricted amd64 c-n-f Metadata [392 B]
Get:41 http://archive.ubuntu.com/ubuntu focal/universe amd64 Packages [8.628 kB]
Get:42 http://ppa.launchpad.net/lutris-team/lutris/ubuntu focal/main Translation-en [332 B]
Get:43 http://archive.ubuntu.com/ubuntu focal/universe i386 Packages [4.642 kB]
Get:44 http://ppa.launchpad.net/ondrej/apache2/ubuntu focal/main i386 Packages [4.772 B]
Get:45 http://archive.ubuntu.com/ubuntu focal/universe Translation-en [5.124 kB]
Get:46 http://ppa.launchpad.net/ondrej/apache2/ubuntu focal/main amd64 Packages [4.768 B]
Get:47 http://archive.ubuntu.com/ubuntu focal/universe amd64 DEP-11 Metadata [3.603 kB]
Get:48 http://security.ubuntu.com/ubuntu focal-security/main i386 Packages [523 kB]
Get:49 http://ppa.launchpad.net/ondrej/apache2/ubuntu focal/main Translation-en [3.252 B]
Get:50 http://archive.ubuntu.com/ubuntu focal/universe amd64 c-n-f Metadata [265 kB]
Get:51 http://archive.ubuntu.com/ubuntu focal/multiverse amd64 Packages [144 kB]
Get:52 http://archive.ubuntu.com/ubuntu focal/multiverse i386 Packages [74,7 kB]
Get:53 http://archive.ubuntu.com/ubuntu focal/multiverse Translation-en [104 kB]
Get:54 http://archive.ubuntu.com/ubuntu focal/multiverse amd64 DEP-11 Metadata [48,4 kB]
Get:55 http://archive.ubuntu.com/ubuntu focal/multiverse amd64 c-n-f Metadata [9.136 B]
Get:56 http://archive.ubuntu.com/ubuntu focal-updates/main i386 Packages [756 kB]
Get:57 http://archive.ubuntu.com/ubuntu focal-updates/main amd64 Packages [2.241 kB]
Get:58 http://archive.ubuntu.com/ubuntu focal-updates/main Translation-en [391 kB]
Get:59 http://archive.ubuntu.com/ubuntu focal-updates/main amd64 DEP-11 Metadata [275 kB]
Get:60 http://archive.ubuntu.com/ubuntu focal-updates/main amd64 c-n-f Metadata [16,1 kB]
Get:61 http://archive.ubuntu.com/ubuntu focal-updates/restricted amd64 Packages [1.424 kB]
Get:62 http://archive.ubuntu.com/ubuntu focal-updates/restricted i386 Packages [27,8 kB]
Get:63 http://archive.ubuntu.com/ubuntu focal-updates/restricted Translation-en [202 kB]
Get:64 http://archive.ubuntu.com/ubuntu focal-updates/restricted amd64 c-n-f Metadata [636 B]
Get:65 http://archive.ubuntu.com/ubuntu focal-updates/universe amd64 Packages [1.003 kB]
Get:66 http://packages.linuxmint.com una/main amd64 Packages [16,2 kB]
Get:67 http://archive.ubuntu.com/ubuntu focal-updates/universe i386 Packages [704 kB]
Get:68 http://archive.ubuntu.com/ubuntu focal-updates/universe Translation-en [233 kB]
Get:69 http://archive.ubuntu.com/ubuntu focal-updates/universe amd64 DEP-11 Metadata [408 kB]
Get:70 http://archive.ubuntu.com/ubuntu focal-updates/universe amd64 c-n-f Metadata [23,1 kB]
Get:71 http://archive.ubuntu.com/ubuntu focal-updates/multiverse i386 Packages [8.448 B]
Get:72 http://archive.ubuntu.com/ubuntu focal-updates/multiverse amd64 Packages [24,4 kB]
Get:73 http://archive.ubuntu.com/ubuntu focal-updates/multiverse Translation-en [7.316 B]
Get:74 http://archive.ubuntu.com/ubuntu focal-updates/multiverse amd64 DEP-11 Metadata [944 B]
Get:75 http://archive.ubuntu.com/ubuntu focal-updates/multiverse amd64 c-n-f Metadata [592 B]
Get:76 http://archive.ubuntu.com/ubuntu focal-backports/main amd64 Packages [45,7 kB]
Get:77 http://archive.ubuntu.com/ubuntu focal-backports/main i386 Packages [36,1 kB]
Get:78 http://archive.ubuntu.com/ubuntu focal-backports/main Translation-en [16,3 kB]
Get:79 http://archive.ubuntu.com/ubuntu focal-backports/main amd64 DEP-11 Metadata [7.992 B]
Get:80 http://archive.ubuntu.com/ubuntu focal-backports/main amd64 c-n-f Metadata [1.420 B]
Get:81 http://archive.ubuntu.com/ubuntu focal-backports/restricted amd64 c-n-f Metadata [116 B]
Get:82 http://archive.ubuntu.com/ubuntu focal-backports/universe amd64 Packages [24,0 kB]
Get:83 http://ppa.launchpad.net/ondrej/php/ubuntu focal/main i386 Packages [38,4 kB]
Get:84 http://archive.ubuntu.com/ubuntu focal-backports/universe i386 Packages [13,5 kB]
Get:85 http://archive.ubuntu.com/ubuntu focal-backports/universe Translation-en [16,0 kB]
Get:86 http://archive.ubuntu.com/ubuntu focal-backports/universe amd64 DEP-11 Metadata [30,5 kB]
Get:87 http://archive.ubuntu.com/ubuntu focal-backports/universe amd64 c-n-f Metadata [860 B]
Get:88 http://archive.ubuntu.com/ubuntu focal-backports/multiverse amd64 c-n-f Metadata [116 B]
Get:89 http://security.ubuntu.com/ubuntu focal-security/main amd64 Packages [1.860 kB]
Get:90 http://packages.linuxmint.com una/main i386 Packages [15,6 kB]
Get:91 http://packages.linuxmint.com una/upstream amd64 Packages [50,4 kB]
Get:92 http://ppa.launchpad.net/ondrej/php/ubuntu focal/main amd64 Packages [106 kB]
Get:93 http://security.ubuntu.com/ubuntu focal-security/main Translation-en [305 kB]
Get:94 http://security.ubuntu.com/ubuntu focal-security/main amd64 DEP-11 Metadata [40,6 kB]
Get:95 http://security.ubuntu.com/ubuntu focal-security/main amd64 c-n-f Metadata [11,2 kB]
Get:96 http://security.ubuntu.com/ubuntu focal-security/restricted amd64 Packages [1.332 kB]
Get:97 http://security.ubuntu.com/ubuntu focal-security/restricted i386 Packages [26,5 kB]
Get:98 http://security.ubuntu.com/ubuntu focal-security/restricted Translation-en [188 kB]
Get:99 http://ppa.launchpad.net/ondrej/php/ubuntu focal/main Translation-en [34,6 kB]
Get:100 http://security.ubuntu.com/ubuntu focal-security/restricted amd64 c-n-f Metadata [640 B]
Get:101 http://security.ubuntu.com/ubuntu focal-security/universe i386 Packages [572 kB]
Get:102 http://security.ubuntu.com/ubuntu focal-security/universe amd64 Packages [773 kB]
Get:103 http://security.ubuntu.com/ubuntu focal-security/universe Translation-en [148 kB]
Get:104 http://packages.linuxmint.com una/upstream i386 Packages [13,4 kB]
Get:105 http://security.ubuntu.com/ubuntu focal-security/universe amd64 DEP-11 Metadata [94,2 kB]
Get:106 http://security.ubuntu.com/ubuntu focal-security/universe amd64 c-n-f Metadata [16,7 kB]
Get:107 http://security.ubuntu.com/ubuntu focal-security/multiverse amd64 Packages [22,2 kB]
Get:108 http://security.ubuntu.com/ubuntu focal-security/multiverse i386 Packages [7.204 B]
Get:109 http://security.ubuntu.com/ubuntu focal-security/multiverse Translation-en [5.400 B]
Get:110 http://security.ubuntu.com/ubuntu focal-security/multiverse amd64 DEP-11 Metadata [940 B]
Get:111 http://security.ubuntu.com/ubuntu focal-security/multiverse amd64 c-n-f Metadata [516 B]
Get:112 http://packages.linuxmint.com una/import amd64 Packages [8.389 B]
Get:113 http://packages.linuxmint.com una/import i386 Packages [3.273 B]
Get:114 http://packages.linuxmint.com una/backport i386 Packages [27,1 kB]
Get:115 http://packages.linuxmint.com una/backport amd64 Packages [90,3 kB]
Reading package lists...
W: GPG error: https://repo.protonvpn.com/debian stable InRelease: The following signatures couldn't be verified because the public key is not available: NO_PUBKEY 4EDE055B645F044F
E: The repository 'https://repo.protonvpn.com/debian stable InRelease' is not signed.
Error - Return code: 100
